[debug] [2022-12-17T19:45:27.786Z] ----------------------------------------------------------------------
[debug] [2022-12-17T19:45:27.788Z] Command:       C:\Program Files\nodejs\node.exe C:\Users\badiy\AppData\Roaming\npm\node_modules\firebase-tools\lib\bin\firebase.js init
[debug] [2022-12-17T19:45:27.789Z] CLI Version:   11.18.0
[debug] [2022-12-17T19:45:27.789Z] Platform:      win32
[debug] [2022-12-17T19:45:27.789Z] Node Version:  v18.12.1
[debug] [2022-12-17T19:45:27.790Z] Time:          Sun Dec 18 2022 01:15:27 GMT+0530 (India Standard Time)
[debug] [2022-12-17T19:45:27.791Z] ----------------------------------------------------------------------
[debug] 
[debug] [2022-12-17T19:45:27.798Z] > command requires scopes: ["email","openid","https://www.googleapis.com/auth/cloudplatformprojects.readonly","https://www.googleapis.com/auth/firebase","https://www.googleapis.com/auth/cloud-platform"]
[debug] [2022-12-17T19:45:27.798Z] > authorizing via signed-in user (badiyabhargav1212@gmail.com)
[info] 
     ######## #### ########  ######## ########     ###     ######  ########
     ##        ##  ##     ## ##       ##     ##  ##   ##  ##       ##
     ######    ##  ########  ######   ########  #########  ######  ######
     ##        ##  ##    ##  ##       ##     ## ##     ##       ## ##
     ##       #### ##     ## ######## ########  ##     ##  ######  ########

You're about to initialize a Firebase project in this directory:

  D:\ANGULAR\VisitNow

[info] 
=== Project Setup
[info] 
[info] First, let's associate this project directory with a Firebase project.
[info] You can create multiple project aliases by running firebase use --add, 
[info] but for now we'll just set up a default project.
[info] 
